<?xml version="1.0" encoding="UTF-8"?>
<!-- Generated by org.testng.reporters.JUnitReportReporter -->
<testsuite hostname="Aleksandras-MacBook-Pro.local" name="ru.st.selenium.LoginTest" tests="1" failures="0" timestamp="27 Oct 2015 20:15:44 GMT" time="1.373" errors="0">
  <testcase name="testUntitled" time="1.373" classname="ru.st.selenium.LoginTest"/>
</testsuite> <!-- ru.st.selenium.LoginTest -->
