<?xml version="1.0" encoding="UTF-8"?>
<!-- Generated by org.testng.reporters.JUnitReportReporter -->
<testsuite hostname="Aleksandras-MacBook-Pro.local" name="ru.st.selenium.SmokeTest" tests="3" failures="0" timestamp="4 Nov 2015 15:52:55 GMT" time="4.646" errors="0">
  <testcase name="addCorrectDescription" time="1.670" classname="ru.st.selenium.SmokeTest"/>
  <testcase name="removeDescription" time="1.776" classname="ru.st.selenium.SmokeTest"/>
  <testcase name="addIncorrectDescription" time="1.200" classname="ru.st.selenium.SmokeTest"/>
</testsuite> <!-- ru.st.selenium.SmokeTest -->
