<?xml version="1.0" encoding="UTF-8"?>
<!-- Generated by org.testng.reporters.JUnitReportReporter -->
<testsuite hostname="Aleksandras-MacBook-Pro.local" name="ru.st.selenium.LoginTest" tests="1" failures="0" timestamp="28 Oct 2015 18:15:47 GMT" time="2.305" errors="0">
  <testcase name="testLogin" time="2.305" classname="ru.st.selenium.LoginTest"/>
</testsuite> <!-- ru.st.selenium.LoginTest -->
