<?xml version="1.0" encoding="UTF-8"?>
<!-- Generated by org.testng.reporters.JUnitReportReporter -->
<testsuite hostname="Aleksandras-MacBook-Pro.local" name="ru.st.selenium.HomePageTest" tests="2" failures="0" timestamp="26 Oct 2015 22:27:17 GMT" time="0.117" errors="0">
  <testcase name="test2" time="0.008" classname="ru.st.selenium.HomePageTest"/>
  <testcase name="testH1Existing" time="0.109" classname="ru.st.selenium.HomePageTest"/>
</testsuite> <!-- ru.st.selenium.HomePageTest -->
